<?xml version="1.0" encoding="UTF-8"?>
<!-- Generated by org.testng.reporters.JUnitReportReporter -->
<testsuite skipped="0" hostname="USER-20151001SB" name="org.keywordsframework.testScripts.TestSuiteByExcel" tests="3" failures="0" timestamp="26 三月 2018 03:07:16 GMT" time="131.005" errors="0">
  <testcase name="ParameterizationTestSuite" time="32.483" classname="org.keywordsframework.testScripts.TestSuiteByExcel"/>
  <testcase name="ParameterizationTestSuite" time="28.130" classname="org.keywordsframework.testScripts.TestSuiteByExcel"/>
  <testcase name="ParameterizationTestSuite" time="70.392" classname="org.keywordsframework.testScripts.TestSuiteByExcel"/>
</testsuite> <!-- org.keywordsframework.testScripts.TestSuiteByExcel -->
