<?xml version="1.0" encoding="UTF-8"?>
<!-- Generated by org.testng.reporters.JUnitReportReporter -->
<testsuite skipped="0" hostname="USER-20151001SB" name="org.keywordsframework.testScripts.TestSendMailWithAttachmentByExcel" tests="1" failures="0" timestamp="14 三月 2018 02:42:11 GMT" time="58.416" errors="0">
  <testcase name="testSendMailWithAttachmentByExcel" time="58.416" classname="org.keywordsframework.testScripts.TestSendMailWithAttachmentByExcel"/>
</testsuite> <!-- org.keywordsframework.testScripts.TestSendMailWithAttachmentByExcel -->
